<?xml version="1.0" encoding="UTF-8"?>
<testng-results ignored="0" total="2" passed="2" failed="0" skipped="0">
  <reporter-output>
  </reporter-output>
  <suite started-at="2026-04-12T12:40:33 IST" name="Default suite" finished-at="2026-04-12T12:40:59 IST" duration-ms="25769">
    <groups>
      <group name="cucumber">
        <method signature="AbstractTestNGCucumberTests.runScenario(io.cucumber.testng.PickleWrapper,io.cucumber.testng.FeatureWrapper)[pri:0, instance:testRunner.run@55b699ef]" name="runScenario" class="io.cucumber.testng.AbstractTestNGCucumberTests"/>
      </group> <!-- cucumber -->
    </groups>
    <test started-at="2026-04-12T12:40:33 IST" name="Default test" finished-at="2026-04-12T12:40:59 IST" duration-ms="25769">
      <class name="testRunner.run">
        <test-method is-config="true" signature="setUpClass(org.testng.ITestContext)[pri:0, instance:testRunner.run@55b699ef]" started-at="2026-04-12T12:40:33 IST" name="setUpClass" finished-at="2026-04-12T12:40:34 IST" duration-ms="387" status="PASS">
          <params>
            <param index="0">
              <value>
                <![CDATA[org.testng.TestRunner@34f22f9d]]>
              </value>
            </param>
          </params>
          <reporter-output>
          </reporter-output>
        </test-method> <!-- setUpClass -->
        <test-method signature="runScenario(io.cucumber.testng.PickleWrapper,io.cucumber.testng.FeatureWrapper)[pri:0, instance:testRunner.run@55b699ef]" started-at="2026-04-12T12:40:34 IST" name="runScenario" description="Runs Cucumber Scenarios" data-provider="scenarios" finished-at="2026-04-12T12:40:59 IST" duration-ms="25311" status="PASS">
          <params>
            <param index="0">
              <value>
                <![CDATA["Login with valid credentials with chrome"]]>
              </value>
            </param>
            <param index="1">
              <value>
                <![CDATA["Login"]]>
              </value>
            </param>
          </params>
          <reporter-output>
          </reporter-output>
        </test-method> <!-- runScenario -->
        <test-method signature="runScenario(io.cucumber.testng.PickleWrapper,io.cucumber.testng.FeatureWrapper)[pri:0, instance:testRunner.run@55b699ef]" started-at="2026-04-12T12:40:34 IST" name="runScenario" description="Runs Cucumber Scenarios" data-provider="scenarios" finished-at="2026-04-12T12:40:59 IST" duration-ms="24825" status="PASS">
          <params>
            <param index="0">
              <value>
                <![CDATA["Login with valid credentials with chrome"]]>
              </value>
            </param>
            <param index="1">
              <value>
                <![CDATA["Login"]]>
              </value>
            </param>
          </params>
          <reporter-output>
          </reporter-output>
        </test-method> <!-- runScenario -->
        <test-method is-config="true" signature="tearDownClass()[pri:0, instance:testRunner.run@55b699ef]" started-at="2026-04-12T12:40:59 IST" name="tearDownClass" finished-at="2026-04-12T12:40:59 IST" duration-ms="18" status="PASS">
          <reporter-output>
          </reporter-output>
        </test-method> <!-- tearDownClass -->
      </class> <!-- testRunner.run -->
    </test> <!-- Default test -->
  </suite> <!-- Default suite -->
</testng-results>
